[debug] [2025-10-01T20:26:58.049Z] ----------------------------------------------------------------------
[debug] [2025-10-01T20:26:58.053Z] Command:       /Users/kody/.nvm/versions/node/v20.18.0/bin/node /Users/kody/.nvm/versions/node/v20.18.0/bin/firebase deploy --only functions
[debug] [2025-10-01T20:26:58.054Z] CLI Version:   14.7.0
[debug] [2025-10-01T20:26:58.054Z] Platform:      darwin
[debug] [2025-10-01T20:26:58.054Z] Node Version:  v20.18.0
[debug] [2025-10-01T20:26:58.054Z] Time:          Wed Oct 01 2025 13:26:58 GMT-0700 (Pacific Daylight Time)
[debug] [2025-10-01T20:26:58.054Z] ----------------------------------------------------------------------
[debug] 
[debug] [2025-10-01T20:26:58.055Z] >>> [apiv2][query] GET https://firebase-public.firebaseio.com/cli.json [none]
[debug] [2025-10-01T20:26:58.168Z] Field "/functions" in "firebase.json" is possibly invalid: must be object
[debug] [2025-10-01T20:26:58.168Z] Object "/functions/0" in "firebase.json" has unknown property: {"additionalProperty":"runtimeEnvironmentVariables"}
[debug] [2025-10-01T20:26:58.168Z] Field "/functions" in "firebase.json" is possibly invalid: must match a schema in anyOf
[debug] [2025-10-01T20:26:58.171Z] > command requires scopes: ["email","openid","https://www.googleapis.com/auth/cloudplatformprojects.readonly","https://www.googleapis.com/auth/firebase","https://www.googleapis.com/auth/cloud-platform"]
[debug] [2025-10-01T20:26:58.171Z] > authorizing via signed-in user (kodysmith2010@gmail.com)
[debug] [2025-10-01T20:26:58.171Z] [iam] checking project kardova-capital for permissions ["cloudfunctions.functions.create","cloudfunctions.functions.delete","cloudfunctions.functions.get","cloudfunctions.functions.list","cloudfunctions.functions.update","cloudfunctions.operations.get","firebase.projects.get"]
[debug] [2025-10-01T20:26:58.172Z] Checked if tokens are valid: false, expires at: 1759217068987
[debug] [2025-10-01T20:26:58.172Z] Checked if tokens are valid: false, expires at: 1759217068987
[debug] [2025-10-01T20:26:58.172Z] > refreshing access token with scopes: []
[debug] [2025-10-01T20:26:58.172Z] >>> [apiv2][query] POST https://www.googleapis.com/oauth2/v3/token [none]
[debug] [2025-10-01T20:26:58.172Z] >>> [apiv2][body] POST https://www.googleapis.com/oauth2/v3/token [omitted]
[debug] [2025-10-01T20:26:58.315Z] <<< [apiv2][status] POST https://www.googleapis.com/oauth2/v3/token 200
[debug] [2025-10-01T20:26:58.315Z] <<< [apiv2][body] POST https://www.googleapis.com/oauth2/v3/token [omitted]
[debug] [2025-10-01T20:26:58.324Z] >>> [apiv2][query] POST https://cloudresourcemanager.googleapis.com/v1/projects/kardova-capital:testIamPermissions [none]
[debug] [2025-10-01T20:26:58.324Z] >>> [apiv2][(partial)header] POST https://cloudresourcemanager.googleapis.com/v1/projects/kardova-capital:testIamPermissions x-goog-quota-user=projects/kardova-capital
[debug] [2025-10-01T20:26:58.324Z] >>> [apiv2][body] POST https://cloudresourcemanager.googleapis.com/v1/projects/kardova-capital:testIamPermissions {"permissions":["cloudfunctions.functions.create","cloudfunctions.functions.delete","cloudfunctions.functions.get","cloudfunctions.functions.list","cloudfunctions.functions.update","cloudfunctions.operations.get","firebase.projects.get"]}
[debug] [2025-10-01T20:26:58.326Z] <<< [apiv2][status] GET https://firebase-public.firebaseio.com/cli.json 200
[debug] [2025-10-01T20:26:58.326Z] <<< [apiv2][body] GET https://firebase-public.firebaseio.com/cli.json {"cloudBuildErrorAfter":1594252800000,"cloudBuildWarnAfter":1590019200000,"defaultNode10After":1594252800000,"minVersion":"3.0.5","node8DeploysDisabledAfter":1613390400000,"node8RuntimeDisabledAfter":1615809600000,"node8WarnAfter":1600128000000}
[debug] [2025-10-01T20:26:58.550Z] <<< [apiv2][status] POST https://cloudresourcemanager.googleapis.com/v1/projects/kardova-capital:testIamPermissions 200
[debug] [2025-10-01T20:26:58.551Z] <<< [apiv2][body] POST https://cloudresourcemanager.googleapis.com/v1/projects/kardova-capital:testIamPermissions {"permissions":["cloudfunctions.functions.create","cloudfunctions.functions.delete","cloudfunctions.functions.get","cloudfunctions.functions.list","cloudfunctions.functions.update","cloudfunctions.operations.get","firebase.projects.get"]}
[debug] [2025-10-01T20:26:58.551Z] Checked if tokens are valid: true, expires at: 1759354017315
[debug] [2025-10-01T20:26:58.551Z] Checked if tokens are valid: true, expires at: 1759354017315
[debug] [2025-10-01T20:26:58.551Z] >>> [apiv2][query] POST https://iam.googleapis.com/v1/projects/kardova-capital/serviceAccounts/kardova-capital@appspot.gserviceaccount.com:testIamPermissions [none]
[debug] [2025-10-01T20:26:58.551Z] >>> [apiv2][body] POST https://iam.googleapis.com/v1/projects/kardova-capital/serviceAccounts/kardova-capital@appspot.gserviceaccount.com:testIamPermissions {"permissions":["iam.serviceAccounts.actAs"]}
[debug] [2025-10-01T20:26:58.947Z] <<< [apiv2][status] POST https://iam.googleapis.com/v1/projects/kardova-capital/serviceAccounts/kardova-capital@appspot.gserviceaccount.com:testIamPermissions 200
[debug] [2025-10-01T20:26:58.948Z] <<< [apiv2][body] POST https://iam.googleapis.com/v1/projects/kardova-capital/serviceAccounts/kardova-capital@appspot.gserviceaccount.com:testIamPermissions {"permissions":["iam.serviceAccounts.actAs"]}
[info] 
[info] === Deploying to 'kardova-capital'...
[info] 
[info] i  deploying functions 
[info] Running command: npm --prefix "$RESOURCE_DIR" run build
[info] ✔  functions: Finished running predeploy script. 
[debug] [2025-10-01T20:27:00.541Z] Checked if tokens are valid: true, expires at: 1759354017315
[debug] [2025-10-01T20:27:00.541Z] Checked if tokens are valid: true, expires at: 1759354017315
[debug] [2025-10-01T20:27:00.541Z] >>> [apiv2][query] GET https://serviceusage.googleapis.com/v1/projects/kardova-capital/services/cloudresourcemanager.googleapis.com [none]
[debug] [2025-10-01T20:27:00.541Z] >>> [apiv2][(partial)header] GET https://serviceusage.googleapis.com/v1/projects/kardova-capital/services/cloudresourcemanager.googleapis.com x-goog-quota-user=projects/kardova-capital
[debug] [2025-10-01T20:27:00.987Z] <<< [apiv2][status] GET https://serviceusage.googleapis.com/v1/projects/kardova-capital/services/cloudresourcemanager.googleapis.com 200
[debug] [2025-10-01T20:27:00.988Z] <<< [apiv2][body] GET https://serviceusage.googleapis.com/v1/projects/kardova-capital/services/cloudresourcemanager.googleapis.com [omitted]
[debug] [2025-10-01T20:27:00.988Z] Checked if tokens are valid: true, expires at: 1759354017315
[debug] [2025-10-01T20:27:00.988Z] Checked if tokens are valid: true, expires at: 1759354017315
[debug] [2025-10-01T20:27:00.988Z] >>> [apiv2][query] GET https://cloudresourcemanager.googleapis.com/v1/projects/kardova-capital [none]
[debug] [2025-10-01T20:27:01.089Z] <<< [apiv2][status] GET https://cloudresourcemanager.googleapis.com/v1/projects/kardova-capital 200
[debug] [2025-10-01T20:27:01.089Z] <<< [apiv2][body] GET https://cloudresourcemanager.googleapis.com/v1/projects/kardova-capital {"projectNumber":"499631561531","projectId":"kardova-capital","lifecycleState":"ACTIVE","name":"Kardova Capital","labels":{"firebase":"enabled","firebase-core":"disabled"},"createTime":"2025-07-06T23:15:13.575359Z"}
[info] i  functions: preparing codebase default for deployment 
[info] i  functions: ensuring required API cloudfunctions.googleapis.com is enabled... 
[debug] [2025-10-01T20:27:01.090Z] Checked if tokens are valid: true, expires at: 1759354017315
[debug] [2025-10-01T20:27:01.090Z] Checked if tokens are valid: true, expires at: 1759354017315
[debug] [2025-10-01T20:27:01.090Z] Checked if tokens are valid: true, expires at: 1759354017315
[debug] [2025-10-01T20:27:01.090Z] Checked if tokens are valid: true, expires at: 1759354017315
[info] i  functions: ensuring required API cloudbuild.googleapis.com is enabled... 
[debug] [2025-10-01T20:27:01.090Z] Checked if tokens are valid: true, expires at: 1759354017315
[debug] [2025-10-01T20:27:01.090Z] Checked if tokens are valid: true, expires at: 1759354017315
[info] i  artifactregistry: ensuring required API artifactregistry.googleapis.com is enabled... 
[debug] [2025-10-01T20:27:01.091Z] Checked if tokens are valid: true, expires at: 1759354017315
[debug] [2025-10-01T20:27:01.091Z] Checked if tokens are valid: true, expires at: 1759354017315
[debug] [2025-10-01T20:27:01.091Z] >>> [apiv2][query] GET https://serviceusage.googleapis.com/v1/projects/kardova-capital/services/cloudfunctions.googleapis.com [none]
[debug] [2025-10-01T20:27:01.091Z] >>> [apiv2][(partial)header] GET https://serviceusage.googleapis.com/v1/projects/kardova-capital/services/cloudfunctions.googleapis.com x-goog-quota-user=projects/kardova-capital
[debug] [2025-10-01T20:27:01.091Z] >>> [apiv2][query] GET https://serviceusage.googleapis.com/v1/projects/kardova-capital/services/runtimeconfig.googleapis.com [none]
[debug] [2025-10-01T20:27:01.091Z] >>> [apiv2][(partial)header] GET https://serviceusage.googleapis.com/v1/projects/kardova-capital/services/runtimeconfig.googleapis.com x-goog-quota-user=projects/kardova-capital
[debug] [2025-10-01T20:27:01.093Z] >>> [apiv2][query] GET https://serviceusage.googleapis.com/v1/projects/kardova-capital/services/cloudbuild.googleapis.com [none]
[debug] [2025-10-01T20:27:01.093Z] >>> [apiv2][(partial)header] GET https://serviceusage.googleapis.com/v1/projects/kardova-capital/services/cloudbuild.googleapis.com x-goog-quota-user=projects/kardova-capital
[debug] [2025-10-01T20:27:01.095Z] >>> [apiv2][query] GET https://serviceusage.googleapis.com/v1/projects/kardova-capital/services/artifactregistry.googleapis.com [none]
[debug] [2025-10-01T20:27:01.095Z] >>> [apiv2][(partial)header] GET https://serviceusage.googleapis.com/v1/projects/kardova-capital/services/artifactregistry.googleapis.com x-goog-quota-user=projects/kardova-capital
[debug] [2025-10-01T20:27:01.446Z] <<< [apiv2][status] GET https://serviceusage.googleapis.com/v1/projects/kardova-capital/services/cloudfunctions.googleapis.com 200
[debug] [2025-10-01T20:27:01.447Z] <<< [apiv2][body] GET https://serviceusage.googleapis.com/v1/projects/kardova-capital/services/cloudfunctions.googleapis.com [omitted]
[info] ✔  functions: required API cloudfunctions.googleapis.com is enabled 
[debug] [2025-10-01T20:27:01.490Z] <<< [apiv2][status] GET https://serviceusage.googleapis.com/v1/projects/kardova-capital/services/runtimeconfig.googleapis.com 200
[debug] [2025-10-01T20:27:01.491Z] <<< [apiv2][body] GET https://serviceusage.googleapis.com/v1/projects/kardova-capital/services/runtimeconfig.googleapis.com [omitted]
[debug] [2025-10-01T20:27:01.491Z] <<< [apiv2][status] GET https://serviceusage.googleapis.com/v1/projects/kardova-capital/services/cloudbuild.googleapis.com 200
[debug] [2025-10-01T20:27:01.491Z] <<< [apiv2][body] GET https://serviceusage.googleapis.com/v1/projects/kardova-capital/services/cloudbuild.googleapis.com [omitted]
[info] ✔  functions: required API cloudbuild.googleapis.com is enabled 
[debug] [2025-10-01T20:27:01.538Z] <<< [apiv2][status] GET https://serviceusage.googleapis.com/v1/projects/kardova-capital/services/artifactregistry.googleapis.com 200
[debug] [2025-10-01T20:27:01.538Z] <<< [apiv2][body] GET https://serviceusage.googleapis.com/v1/projects/kardova-capital/services/artifactregistry.googleapis.com [omitted]
[info] ✔  artifactregistry: required API artifactregistry.googleapis.com is enabled 
[debug] [2025-10-01T20:27:01.538Z] Checked if tokens are valid: true, expires at: 1759354017315
[debug] [2025-10-01T20:27:01.538Z] Checked if tokens are valid: true, expires at: 1759354017315
[debug] [2025-10-01T20:27:01.538Z] >>> [apiv2][query] GET https://firebase.googleapis.com/v1beta1/projects/kardova-capital/adminSdkConfig [none]
[debug] [2025-10-01T20:27:01.860Z] <<< [apiv2][status] GET https://firebase.googleapis.com/v1beta1/projects/kardova-capital/adminSdkConfig 200
[debug] [2025-10-01T20:27:01.860Z] <<< [apiv2][body] GET https://firebase.googleapis.com/v1beta1/projects/kardova-capital/adminSdkConfig {"projectId":"kardova-capital","storageBucket":"kardova-capital.firebasestorage.app"}
[debug] [2025-10-01T20:27:01.861Z] Checked if tokens are valid: true, expires at: 1759354017315
[debug] [2025-10-01T20:27:01.861Z] Checked if tokens are valid: true, expires at: 1759354017315
[debug] [2025-10-01T20:27:01.861Z] >>> [apiv2][query] GET https://runtimeconfig.googleapis.com/v1beta1/projects/kardova-capital/configs [none]
[debug] [2025-10-01T20:27:02.222Z] <<< [apiv2][status] GET https://runtimeconfig.googleapis.com/v1beta1/projects/kardova-capital/configs 200
[debug] [2025-10-01T20:27:02.222Z] <<< [apiv2][body] GET https://runtimeconfig.googleapis.com/v1beta1/projects/kardova-capital/configs {}
[debug] [2025-10-01T20:27:02.224Z] Validating nodejs source
[warn] ⚠  functions: package.json indicates an outdated version of firebase-functions. Please upgrade using npm install --save firebase-functions@latest in your functions directory. 
[debug] [2025-10-01T20:27:02.708Z] > [functions] package.json contents: {
  "name": "marketnews-functions",
  "description": "Cloud Functions for MarketNews app",
  "scripts": {
    "build": "tsc",
    "build:watch": "tsc --watch",
    "serve": "npm run build && firebase emulators:start --only functions",
    "shell": "npm run build && firebase functions:shell",
    "start": "npm run shell",
    "deploy": "firebase deploy --only functions",
    "logs": "firebase functions:log"
  },
  "engines": {
    "node": "20"
  },
  "main": "lib/index.js",
  "dependencies": {
    "axios": "^1.6.0",
    "cors": "^2.8.5",
    "express": "^4.18.2",
    "firebase-admin": "^13.4.0",
    "firebase-functions": "^6.3.2"
  },
  "devDependencies": {
    "@types/cors": "^2.8.17",
    "@types/express": "^4.17.21",
    "firebase-functions-test": "^3.1.0",
    "typescript": "^4.9.0"
  },
  "private": true
}
[debug] [2025-10-01T20:27:02.708Z] Building nodejs source
[info] i  functions: Loading and analyzing source code for codebase default to determine what to deploy 
[debug] [2025-10-01T20:27:02.709Z] Could not find functions.yaml. Must use http discovery
[debug] [2025-10-01T20:27:02.713Z] Found firebase-functions binary at '/Users/kody/base/MarketNews/firebase/functions/node_modules/.bin/firebase-functions'
[info] Serving at port 8884

[debug] [2025-10-01T20:27:03.066Z] Got response from /__/functions.yaml {"endpoints":{"api":{"availableMemoryMb":1024,"timeoutSeconds":60,"minInstances":null,"maxInstances":10,"ingressSettings":null,"concurrency":null,"serviceAccountEmail":null,"vpc":null,"platform":"gcfv2","labels":{},"httpsTrigger":{},"entryPoint":"api"},"quantChat":{"availableMemoryMb":1024,"timeoutSeconds":60,"minInstances":null,"maxInstances":10,"ingressSettings":null,"concurrency":null,"serviceAccountEmail":null,"vpc":null,"platform":"gcfv2","labels":{},"httpsTrigger":{},"entryPoint":"quantChat"},"analyzeStock":{"availableMemoryMb":1024,"timeoutSeconds":60,"minInstances":null,"maxInstances":10,"ingressSettings":null,"concurrency":null,"serviceAccountEmail":null,"vpc":null,"platform":"gcfv2","labels":{},"httpsTrigger":{},"entryPoint":"analyzeStock"},"scanMarket":{"availableMemoryMb":1024,"timeoutSeconds":60,"minInstances":null,"maxInstances":10,"ingressSettings":null,"concurrency":null,"serviceAccountEmail":null,"vpc":null,"platform":"gcfv2","labels":{},"httpsTrigger":{},"entryPoint":"scanMarket"}},"specVersion":"v1alpha1","requiredAPIs":[],"extensions":{}}
[info] i  extensions: ensuring required API firebaseextensions.googleapis.com is enabled... 
[debug] [2025-10-01T20:27:07.084Z] Checked if tokens are valid: true, expires at: 1759354017315
[debug] [2025-10-01T20:27:07.084Z] Checked if tokens are valid: true, expires at: 1759354017315
[debug] [2025-10-01T20:27:07.085Z] >>> [apiv2][query] GET https://serviceusage.googleapis.com/v1/projects/kardova-capital/services/firebaseextensions.googleapis.com [none]
[debug] [2025-10-01T20:27:07.085Z] >>> [apiv2][(partial)header] GET https://serviceusage.googleapis.com/v1/projects/kardova-capital/services/firebaseextensions.googleapis.com x-goog-quota-user=projects/kardova-capital
[debug] [2025-10-01T20:27:07.493Z] <<< [apiv2][status] GET https://serviceusage.googleapis.com/v1/projects/kardova-capital/services/firebaseextensions.googleapis.com 200
[debug] [2025-10-01T20:27:07.493Z] <<< [apiv2][body] GET https://serviceusage.googleapis.com/v1/projects/kardova-capital/services/firebaseextensions.googleapis.com [omitted]
[info] ✔  extensions: required API firebaseextensions.googleapis.com is enabled 
[debug] [2025-10-01T20:27:07.494Z] > command requires scopes: ["email","openid","https://www.googleapis.com/auth/cloudplatformprojects.readonly","https://www.googleapis.com/auth/firebase","https://www.googleapis.com/auth/cloud-platform"]
[debug] [2025-10-01T20:27:07.494Z] > authorizing via signed-in user (kodysmith2010@gmail.com)
[debug] [2025-10-01T20:27:07.494Z] [iam] checking project kardova-capital for permissions ["firebase.projects.get","firebaseextensions.instances.list"]
[debug] [2025-10-01T20:27:07.494Z] Checked if tokens are valid: true, expires at: 1759354017315
[debug] [2025-10-01T20:27:07.495Z] Checked if tokens are valid: true, expires at: 1759354017315
[debug] [2025-10-01T20:27:07.495Z] >>> [apiv2][query] POST https://cloudresourcemanager.googleapis.com/v1/projects/kardova-capital:testIamPermissions [none]
[debug] [2025-10-01T20:27:07.495Z] >>> [apiv2][(partial)header] POST https://cloudresourcemanager.googleapis.com/v1/projects/kardova-capital:testIamPermissions x-goog-quota-user=projects/kardova-capital
[debug] [2025-10-01T20:27:07.495Z] >>> [apiv2][body] POST https://cloudresourcemanager.googleapis.com/v1/projects/kardova-capital:testIamPermissions {"permissions":["firebase.projects.get","firebaseextensions.instances.list"]}
[debug] [2025-10-01T20:27:07.608Z] <<< [apiv2][status] POST https://cloudresourcemanager.googleapis.com/v1/projects/kardova-capital:testIamPermissions 200
[debug] [2025-10-01T20:27:07.608Z] <<< [apiv2][body] POST https://cloudresourcemanager.googleapis.com/v1/projects/kardova-capital:testIamPermissions {"permissions":["firebase.projects.get","firebaseextensions.instances.list"]}
[debug] [2025-10-01T20:27:07.609Z] Checked if tokens are valid: true, expires at: 1759354017315
[debug] [2025-10-01T20:27:07.609Z] Checked if tokens are valid: true, expires at: 1759354017315
[debug] [2025-10-01T20:27:07.610Z] >>> [apiv2][query] GET https://firebaseextensions.googleapis.com/v1beta/projects/kardova-capital/instances pageSize=100&pageToken=
[debug] [2025-10-01T20:27:08.039Z] <<< [apiv2][status] GET https://firebaseextensions.googleapis.com/v1beta/projects/kardova-capital/instances 200
[debug] [2025-10-01T20:27:08.039Z] <<< [apiv2][body] GET https://firebaseextensions.googleapis.com/v1beta/projects/kardova-capital/instances {}
[info] i  functions: preparing functions directory for uploading... 
[info] i  functions: packaged /Users/kody/base/MarketNews/firebase/functions (136.58 KB) for uploading 
[debug] [2025-10-01T20:27:08.078Z] Checked if tokens are valid: true, expires at: 1759354017315
[debug] [2025-10-01T20:27:08.078Z] Checked if tokens are valid: true, expires at: 1759354017315
[debug] [2025-10-01T20:27:08.078Z] >>> [apiv2][query] GET https://cloudfunctions.googleapis.com/v1/projects/kardova-capital/locations/-/functions [none]
[debug] [2025-10-01T20:27:08.573Z] <<< [apiv2][status] GET https://cloudfunctions.googleapis.com/v1/projects/kardova-capital/locations/-/functions 200
[debug] [2025-10-01T20:27:08.574Z] <<< [apiv2][body] GET https://cloudfunctions.googleapis.com/v1/projects/kardova-capital/locations/-/functions {}
[debug] [2025-10-01T20:27:08.574Z] Checked if tokens are valid: true, expires at: 1759354017315
[debug] [2025-10-01T20:27:08.574Z] Checked if tokens are valid: true, expires at: 1759354017315
[debug] [2025-10-01T20:27:08.574Z] >>> [apiv2][query] GET https://cloudfunctions.googleapis.com/v2/projects/kardova-capital/locations/-/functions filter=environment%3D%22GEN_2%22
[debug] [2025-10-01T20:27:09.589Z] <<< [apiv2][status] GET https://cloudfunctions.googleapis.com/v2/projects/kardova-capital/locations/-/functions 200
[debug] [2025-10-01T20:27:09.589Z] <<< [apiv2][body] GET https://cloudfunctions.googleapis.com/v2/projects/kardova-capital/locations/-/functions {"functions":[{"name":"projects/kardova-capital/locations/us-central1/functions/quantChat","buildConfig":{"build":"projects/499631561531/locations/us-central1/builds/773744a8-17b6-4757-89f0-bbb737c54ba5","runtime":"nodejs20","entryPoint":"quantChat","source":{"storageSource":{"bucket":"gcf-v2-sources-499631561531-us-central1","object":"quantChat/function-source.zip","generation":"1758685634280163"}},"environmentVariables":{"GOOGLE_NODE_RUN_SCRIPTS":""},"dockerRepository":"projects/kardova-capital/locations/us-central1/repositories/gcf-artifacts","sourceProvenance":{"resolvedStorageSource":{"bucket":"gcf-v2-sources-499631561531-us-central1","object":"quantChat/function-source.zip","generation":"1758685634280163"}},"dockerRegistry":"ARTIFACT_REGISTRY","serviceAccount":"projects/kardova-capital/serviceAccounts/499631561531-compute@developer.gserviceaccount.com","automaticUpdatePolicy":{}},"serviceConfig":{"service":"projects/kardova-capital/locations/us-central1/services/quantchat","timeoutSeconds":60,"environmentVariables":{"FIREBASE_CONFIG":"{\"projectId\":\"kardova-capital\",\"storageBucket\":\"kardova-capital.firebasestorage.app\"}","GCLOUD_PROJECT":"kardova-capital","EVENTARC_CLOUD_EVENT_SOURCE":"projects/kardova-capital/locations/us-central1/services/quantChat","FUNCTION_TARGET":"quantChat","LOG_EXECUTION_ID":"true"},"maxInstanceCount":10,"ingressSettings":"ALLOW_ALL","uri":"https://quantchat-hvi4gdtdka-uc.a.run.app","serviceAccountEmail":"499631561531-compute@developer.gserviceaccount.com","availableMemory":"1024Mi","allTrafficOnLatestRevision":true,"revision":"quantchat-00001-mix","maxInstanceRequestConcurrency":80,"availableCpu":"1"},"state":"ACTIVE","updateTime":"2025-09-24T03:48:17.353487444Z","labels":{"deployment-tool":"cli-firebase","firebase-functions-hash":"8d7a0ce14c5a23a20e9ba89ae17f3339399ebfb7"},"environment":"GEN_2","url":"https://us-central1-kardova-capital.cloudfunctions.net/quantChat","createTime":"2025-09-24T03:47:14.509816380Z","satisfiesPzi":true},{"name":"projects/kardova-capital/locations/us-central1/functions/analyzeStock","buildConfig":{"build":"projects/499631561531/locations/us-central1/builds/773744a8-17b6-4757-89f0-bbb737c54ba5","runtime":"nodejs20","entryPoint":"analyzeStock","source":{"storageSource":{"bucket":"gcf-v2-sources-499631561531-us-central1","object":"analyzeStock/function-source.zip","generation":"1758685693956078"}},"environmentVariables":{"GOOGLE_NODE_RUN_SCRIPTS":""},"dockerRepository":"projects/kardova-capital/locations/us-central1/repositories/gcf-artifacts","sourceProvenance":{"resolvedStorageSource":{"bucket":"gcf-v2-sources-499631561531-us-central1","object":"analyzeStock/function-source.zip","generation":"1758685693956078"}},"dockerRegistry":"ARTIFACT_REGISTRY","serviceAccount":"projects/kardova-capital/serviceAccounts/499631561531-compute@developer.gserviceaccount.com","automaticUpdatePolicy":{}},"serviceConfig":{"service":"projects/kardova-capital/locations/us-central1/services/analyzestock","timeoutSeconds":60,"environmentVariables":{"FIREBASE_CONFIG":"{\"projectId\":\"kardova-capital\",\"storageBucket\":\"kardova-capital.firebasestorage.app\"}","GCLOUD_PROJECT":"kardova-capital","EVENTARC_CLOUD_EVENT_SOURCE":"projects/kardova-capital/locations/us-central1/services/analyzeStock","FUNCTION_TARGET":"analyzeStock","LOG_EXECUTION_ID":"true","FUNCTION_SIGNATURE_TYPE":"http"},"maxInstanceCount":10,"ingressSettings":"ALLOW_ALL","uri":"https://analyzestock-hvi4gdtdka-uc.a.run.app","serviceAccountEmail":"499631561531-compute@developer.gserviceaccount.com","availableMemory":"1024Mi","allTrafficOnLatestRevision":true,"revision":"analyzestock-00001-miz","maxInstanceRequestConcurrency":80,"availableCpu":"1"},"state":"ACTIVE","updateTime":"2025-09-24T03:48:22.388223303Z","labels":{"firebase-functions-hash":"8d7a0ce14c5a23a20e9ba89ae17f3339399ebfb7","deployment-tool":"cli-firebase"},"environment":"GEN_2","url":"https://us-central1-kardova-capital.cloudfunctions.net/analyzeStock","createTime":"2025-09-24T03:48:14.180588122Z","satisfiesPzi":true},{"name":"projects/kardova-capital/locations/us-central1/functions/scanMarket","buildConfig":{"build":"projects/499631561531/locations/us-central1/builds/773744a8-17b6-4757-89f0-bbb737c54ba5","runtime":"nodejs20","entryPoint":"scanMarket","source":{"storageSource":{"bucket":"gcf-v2-sources-499631561531-us-central1","object":"scanMarket/function-source.zip","generation":"1758685694065819"}},"environmentVariables":{"GOOGLE_NODE_RUN_SCRIPTS":""},"dockerRepository":"projects/kardova-capital/locations/us-central1/repositories/gcf-artifacts","sourceProvenance":{"resolvedStorageSource":{"bucket":"gcf-v2-sources-499631561531-us-central1","object":"scanMarket/function-source.zip","generation":"1758685694065819"}},"dockerRegistry":"ARTIFACT_REGISTRY","serviceAccount":"projects/kardova-capital/serviceAccounts/499631561531-compute@developer.gserviceaccount.com","automaticUpdatePolicy":{}},"serviceConfig":{"service":"projects/kardova-capital/locations/us-central1/services/scanmarket","timeoutSeconds":60,"environmentVariables":{"FIREBASE_CONFIG":"{\"projectId\":\"kardova-capital\",\"storageBucket\":\"kardova-capital.firebasestorage.app\"}","GCLOUD_PROJECT":"kardova-capital","EVENTARC_CLOUD_EVENT_SOURCE":"projects/kardova-capital/locations/us-central1/services/scanMarket","FUNCTION_TARGET":"scanMarket","LOG_EXECUTION_ID":"true","FUNCTION_SIGNATURE_TYPE":"http"},"maxInstanceCount":10,"ingressSettings":"ALLOW_ALL","uri":"https://scanmarket-hvi4gdtdka-uc.a.run.app","serviceAccountEmail":"499631561531-compute@developer.gserviceaccount.com","availableMemory":"1024Mi","allTrafficOnLatestRevision":true,"revision":"scanmarket-00001-vun","maxInstanceRequestConcurrency":80,"availableCpu":"1"},"state":"ACTIVE","updateTime":"2025-09-24T03:48:20.919747542Z","labels":{"deployment-tool":"cli-firebase","firebase-functions-hash":"8d7a0ce14c5a23a20e9ba89ae17f3339399ebfb7"},"environment":"GEN_2","url":"https://us-central1-kardova-capital.cloudfunctions.net/scanMarket","createTime":"2025-09-24T03:48:14.317234410Z","satisfiesPzi":true},{"name":"projects/kardova-capital/locations/us-central1/functions/api","buildConfig":{"build":"projects/499631561531/locations/us-central1/builds/773744a8-17b6-4757-89f0-bbb737c54ba5","runtime":"nodejs20","entryPoint":"api","source":{"storageSource":{"bucket":"gcf-v2-sources-499631561531-us-central1","object":"api/function-source.zip","generation":"1758685694533372"}},"environmentVariables":{"GOOGLE_NODE_RUN_SCRIPTS":""},"dockerRepository":"projects/kardova-capital/locations/us-central1/repositories/gcf-artifacts","sourceProvenance":{"resolvedStorageSource":{"bucket":"gcf-v2-sources-499631561531-us-central1","object":"api/function-source.zip","generation":"1758685694533372"}},"dockerRegistry":"ARTIFACT_REGISTRY","serviceAccount":"projects/kardova-capital/serviceAccounts/499631561531-compute@developer.gserviceaccount.com","automaticUpdatePolicy":{}},"serviceConfig":{"service":"projects/kardova-capital/locations/us-central1/services/api","timeoutSeconds":60,"environmentVariables":{"FIREBASE_CONFIG":"{\"projectId\":\"kardova-capital\",\"storageBucket\":\"kardova-capital.firebasestorage.app\"}","GCLOUD_PROJECT":"kardova-capital","EVENTARC_CLOUD_EVENT_SOURCE":"projects/kardova-capital/locations/us-central1/services/api","FUNCTION_TARGET":"api","LOG_EXECUTION_ID":"true","FUNCTION_SIGNATURE_TYPE":"http"},"maxInstanceCount":10,"ingressSettings":"ALLOW_ALL","uri":"https://api-hvi4gdtdka-uc.a.run.app","serviceAccountEmail":"499631561531-compute@developer.gserviceaccount.com","availableMemory":"1024Mi","allTrafficOnLatestRevision":true,"revision":"api-00029-koy","maxInstanceRequestConcurrency":80,"availableCpu":"1"},"state":"ACTIVE","updateTime":"2025-09-24T03:48:22.632047368Z","labels":{"firebase-functions-hash":"8d7a0ce14c5a23a20e9ba89ae17f3339399ebfb7","deployment-tool":"cli-firebase"},"environment":"GEN_2","url":"https://us-central1-kardova-capital.cloudfunctions.net/api","createTime":"2025-07-07T03:43:05.326173447Z","satisfiesPzi":true}]}
[info] i  functions: ensuring required API run.googleapis.com is enabled... 
[debug] [2025-10-01T20:27:09.592Z] Checked if tokens are valid: true, expires at: 1759354017315
[debug] [2025-10-01T20:27:09.592Z] Checked if tokens are valid: true, expires at: 1759354017315
[info] i  functions: ensuring required API eventarc.googleapis.com is enabled... 
[debug] [2025-10-01T20:27:09.592Z] Checked if tokens are valid: true, expires at: 1759354017315
[debug] [2025-10-01T20:27:09.592Z] Checked if tokens are valid: true, expires at: 1759354017315
[info] i  functions: ensuring required API pubsub.googleapis.com is enabled... 
[debug] [2025-10-01T20:27:09.592Z] Checked if tokens are valid: true, expires at: 1759354017315
[debug] [2025-10-01T20:27:09.592Z] Checked if tokens are valid: true, expires at: 1759354017315
[info] i  functions: ensuring required API storage.googleapis.com is enabled... 
[debug] [2025-10-01T20:27:09.593Z] Checked if tokens are valid: true, expires at: 1759354017315
[debug] [2025-10-01T20:27:09.593Z] Checked if tokens are valid: true, expires at: 1759354017315
[debug] [2025-10-01T20:27:09.593Z] >>> [apiv2][query] GET https://serviceusage.googleapis.com/v1/projects/499631561531/services/run.googleapis.com [none]
[debug] [2025-10-01T20:27:09.593Z] >>> [apiv2][(partial)header] GET https://serviceusage.googleapis.com/v1/projects/499631561531/services/run.googleapis.com x-goog-quota-user=projects/499631561531
[debug] [2025-10-01T20:27:09.593Z] >>> [apiv2][query] GET https://serviceusage.googleapis.com/v1/projects/499631561531/services/eventarc.googleapis.com [none]
[debug] [2025-10-01T20:27:09.593Z] >>> [apiv2][(partial)header] GET https://serviceusage.googleapis.com/v1/projects/499631561531/services/eventarc.googleapis.com x-goog-quota-user=projects/499631561531
[debug] [2025-10-01T20:27:09.595Z] >>> [apiv2][query] GET https://serviceusage.googleapis.com/v1/projects/499631561531/services/pubsub.googleapis.com [none]
[debug] [2025-10-01T20:27:09.595Z] >>> [apiv2][(partial)header] GET https://serviceusage.googleapis.com/v1/projects/499631561531/services/pubsub.googleapis.com x-goog-quota-user=projects/499631561531
[debug] [2025-10-01T20:27:09.596Z] >>> [apiv2][query] GET https://serviceusage.googleapis.com/v1/projects/499631561531/services/storage.googleapis.com [none]
[debug] [2025-10-01T20:27:09.596Z] >>> [apiv2][(partial)header] GET https://serviceusage.googleapis.com/v1/projects/499631561531/services/storage.googleapis.com x-goog-quota-user=projects/499631561531
[debug] [2025-10-01T20:27:09.764Z] <<< [apiv2][status] GET https://serviceusage.googleapis.com/v1/projects/499631561531/services/run.googleapis.com 200
[debug] [2025-10-01T20:27:09.764Z] <<< [apiv2][body] GET https://serviceusage.googleapis.com/v1/projects/499631561531/services/run.googleapis.com [omitted]
[info] ✔  functions: required API run.googleapis.com is enabled 
[debug] [2025-10-01T20:27:09.985Z] <<< [apiv2][status] GET https://serviceusage.googleapis.com/v1/projects/499631561531/services/pubsub.googleapis.com 200
[debug] [2025-10-01T20:27:09.985Z] <<< [apiv2][body] GET https://serviceusage.googleapis.com/v1/projects/499631561531/services/pubsub.googleapis.com [omitted]
[info] ✔  functions: required API pubsub.googleapis.com is enabled 
[debug] [2025-10-01T20:27:10.009Z] <<< [apiv2][status] GET https://serviceusage.googleapis.com/v1/projects/499631561531/services/eventarc.googleapis.com 200
[debug] [2025-10-01T20:27:10.009Z] <<< [apiv2][body] GET https://serviceusage.googleapis.com/v1/projects/499631561531/services/eventarc.googleapis.com [omitted]
[info] ✔  functions: required API eventarc.googleapis.com is enabled 
[debug] [2025-10-01T20:27:10.029Z] <<< [apiv2][status] GET https://serviceusage.googleapis.com/v1/projects/499631561531/services/storage.googleapis.com 200
[debug] [2025-10-01T20:27:10.029Z] <<< [apiv2][body] GET https://serviceusage.googleapis.com/v1/projects/499631561531/services/storage.googleapis.com [omitted]
[info] ✔  functions: required API storage.googleapis.com is enabled 
[info] i  functions: generating the service identity for pubsub.googleapis.com... 
[debug] [2025-10-01T20:27:10.029Z] Checked if tokens are valid: true, expires at: 1759354017315
[debug] [2025-10-01T20:27:10.029Z] Checked if tokens are valid: true, expires at: 1759354017315
[info] i  functions: generating the service identity for eventarc.googleapis.com... 
[debug] [2025-10-01T20:27:10.029Z] Checked if tokens are valid: true, expires at: 1759354017315
[debug] [2025-10-01T20:27:10.029Z] Checked if tokens are valid: true, expires at: 1759354017315
[debug] [2025-10-01T20:27:10.029Z] >>> [apiv2][query] POST https://serviceusage.googleapis.com/v1beta1/projects/499631561531/services/pubsub.googleapis.com:generateServiceIdentity [none]
[debug] [2025-10-01T20:27:10.029Z] >>> [apiv2][query] POST https://serviceusage.googleapis.com/v1beta1/projects/499631561531/services/eventarc.googleapis.com:generateServiceIdentity [none]
[debug] [2025-10-01T20:27:10.511Z] <<< [apiv2][status] POST https://serviceusage.googleapis.com/v1beta1/projects/499631561531/services/eventarc.googleapis.com:generateServiceIdentity 200
[debug] [2025-10-01T20:27:10.512Z] <<< [apiv2][body] POST https://serviceusage.googleapis.com/v1beta1/projects/499631561531/services/eventarc.googleapis.com:generateServiceIdentity {"name":"operations/finished.DONE_OPERATION","done":true,"response":{"@type":"type.googleapis.com/google.api.serviceusage.v1beta1.ServiceIdentity","email":"service-499631561531@gcp-sa-eventarc.iam.gserviceaccount.com","uniqueId":"109773991522216917825"}}
[debug] [2025-10-01T20:27:10.512Z] <<< [apiv2][status] POST https://serviceusage.googleapis.com/v1beta1/projects/499631561531/services/pubsub.googleapis.com:generateServiceIdentity 200
[debug] [2025-10-01T20:27:10.512Z] <<< [apiv2][body] POST https://serviceusage.googleapis.com/v1beta1/projects/499631561531/services/pubsub.googleapis.com:generateServiceIdentity {"name":"operations/finished.DONE_OPERATION","done":true,"response":{"@type":"type.googleapis.com/google.api.serviceusage.v1beta1.ServiceIdentity","email":"service-499631561531@gcp-sa-pubsub.iam.gserviceaccount.com","uniqueId":"100267490779969476661"}}
[debug] [2025-10-01T20:27:10.514Z] Checked if tokens are valid: true, expires at: 1759354017315
[debug] [2025-10-01T20:27:10.514Z] Checked if tokens are valid: true, expires at: 1759354017315
[debug] [2025-10-01T20:27:10.514Z] >>> [apiv2][query] GET https://serviceusage.googleapis.com/v1/projects/kardova-capital/services/cloudresourcemanager.googleapis.com [none]
[debug] [2025-10-01T20:27:10.514Z] >>> [apiv2][(partial)header] GET https://serviceusage.googleapis.com/v1/projects/kardova-capital/services/cloudresourcemanager.googleapis.com x-goog-quota-user=projects/kardova-capital
[debug] [2025-10-01T20:27:10.688Z] <<< [apiv2][status] GET https://serviceusage.googleapis.com/v1/projects/kardova-capital/services/cloudresourcemanager.googleapis.com 200
[debug] [2025-10-01T20:27:10.688Z] <<< [apiv2][body] GET https://serviceusage.googleapis.com/v1/projects/kardova-capital/services/cloudresourcemanager.googleapis.com [omitted]
[debug] [2025-10-01T20:27:10.688Z] Checked if tokens are valid: true, expires at: 1759354017315
[debug] [2025-10-01T20:27:10.688Z] Checked if tokens are valid: true, expires at: 1759354017315
[debug] [2025-10-01T20:27:10.688Z] >>> [apiv2][query] GET https://cloudresourcemanager.googleapis.com/v1/projects/kardova-capital [none]
[debug] [2025-10-01T20:27:10.798Z] <<< [apiv2][status] GET https://cloudresourcemanager.googleapis.com/v1/projects/kardova-capital 200
[debug] [2025-10-01T20:27:10.798Z] <<< [apiv2][body] GET https://cloudresourcemanager.googleapis.com/v1/projects/kardova-capital {"projectNumber":"499631561531","projectId":"kardova-capital","lifecycleState":"ACTIVE","name":"Kardova Capital","labels":{"firebase":"enabled","firebase-core":"disabled"},"createTime":"2025-07-06T23:15:13.575359Z"}
[debug] [2025-10-01T20:27:10.798Z] Checked if tokens are valid: true, expires at: 1759354017315
[debug] [2025-10-01T20:27:10.798Z] Checked if tokens are valid: true, expires at: 1759354017315
[debug] [2025-10-01T20:27:10.798Z] >>> [apiv2][query] GET https://compute.googleapis.com/compute/v1/projects/499631561531 [none]
[debug] [2025-10-01T20:27:10.954Z] <<< [apiv2][status] GET https://compute.googleapis.com/compute/v1/projects/499631561531 403
[debug] [2025-10-01T20:27:10.954Z] <<< [apiv2][body] GET https://compute.googleapis.com/compute/v1/projects/499631561531 {"error":{"code":403,"message":"Compute Engine API has not been used in project 499631561531 before or it is disabled. Enable it by visiting https://console.developers.google.com/apis/api/compute.googleapis.com/overview?project=499631561531 then retry. If you enabled this API recently, wait a few minutes for the action to propagate to our systems and retry.","errors":[{"message":"Compute Engine API has not been used in project 499631561531 before or it is disabled. Enable it by visiting https://console.developers.google.com/apis/api/compute.googleapis.com/overview?project=499631561531 then retry. If you enabled this API recently, wait a few minutes for the action to propagate to our systems and retry.","domain":"usageLimits","reason":"accessNotConfigured","extendedHelp":"https://console.developers.google.com"}],"status":"PERMISSION_DENIED","details":[{"@type":"type.googleapis.com/google.rpc.ErrorInfo","reason":"SERVICE_DISABLED","domain":"googleapis.com","metadata":{"containerInfo":"499631561531","service":"compute.googleapis.com","consumer":"projects/499631561531","activationUrl":"https://console.developers.google.com/apis/api/compute.googleapis.com/overview?project=499631561531","serviceTitle":"Compute Engine API"}},{"@type":"type.googleapis.com/google.rpc.LocalizedMessage","locale":"en-US","message":"Compute Engine API has not been used in project 499631561531 before or it is disabled. Enable it by visiting https://console.developers.google.com/apis/api/compute.googleapis.com/overview?project=499631561531 then retry. If you enabled this API recently, wait a few minutes for the action to propagate to our systems and retry."},{"@type":"type.googleapis.com/google.rpc.Help","links":[{"description":"Google developers console API activation","url":"https://console.developers.google.com/apis/api/compute.googleapis.com/overview?project=499631561531"}]}]}}
[debug] [2025-10-01T20:27:10.955Z] unable to look up default compute service account. Falling back to 499631561531-compute@developer.gserviceaccount.com. Error: {"name":"FirebaseError","children":[],"context":{"body":{"error":{"code":403,"message":"Compute Engine API has not been used in project 499631561531 before or it is disabled. Enable it by visiting https://console.developers.google.com/apis/api/compute.googleapis.com/overview?project=499631561531 then retry. If you enabled this API recently, wait a few minutes for the action to propagate to our systems and retry.","errors":[{"message":"Compute Engine API has not been used in project 499631561531 before or it is disabled. Enable it by visiting https://console.developers.google.com/apis/api/compute.googleapis.com/overview?project=499631561531 then retry. If you enabled this API recently, wait a few minutes for the action to propagate to our systems and retry.","domain":"usageLimits","reason":"accessNotConfigured","extendedHelp":"https://console.developers.google.com"}],"status":"PERMISSION_DENIED","details":[{"@type":"type.googleapis.com/google.rpc.ErrorInfo","reason":"SERVICE_DISABLED","domain":"googleapis.com","metadata":{"containerInfo":"499631561531","service":"compute.googleapis.com","consumer":"projects/499631561531","activationUrl":"https://console.developers.google.com/apis/api/compute.googleapis.com/overview?project=499631561531","serviceTitle":"Compute Engine API"}},{"@type":"type.googleapis.com/google.rpc.LocalizedMessage","locale":"en-US","message":"Compute Engine API has not been used in project 499631561531 before or it is disabled. Enable it by visiting https://console.developers.google.com/apis/api/compute.googleapis.com/overview?project=499631561531 then retry. If you enabled this API recently, wait a few minutes for the action to propagate to our systems and retry."},{"@type":"type.googleapis.com/google.rpc.Help","links":[{"description":"Google developers console API activation","url":"https://console.developers.google.com/apis/api/compute.googleapis.com/overview?project=499631561531"}]}]}},"response":{"statusCode":403}},"exit":1,"message":"Request to https://compute.googleapis.com/compute/v1/projects/499631561531 had HTTP Error: 403, Compute Engine API has not been used in project 499631561531 before or it is disabled. Enable it by visiting https://console.developers.google.com/apis/api/compute.googleapis.com/overview?project=499631561531 then retry. If you enabled this API recently, wait a few minutes for the action to propagate to our systems and retry.","status":403}
[debug] [2025-10-01T20:27:10.955Z] Checked if tokens are valid: true, expires at: 1759354017315
[debug] [2025-10-01T20:27:10.955Z] Checked if tokens are valid: true, expires at: 1759354017315
[debug] [2025-10-01T20:27:10.955Z] >>> [apiv2][query] GET https://compute.googleapis.com/compute/v1/projects/499631561531 [none]
[debug] [2025-10-01T20:27:11.055Z] <<< [apiv2][status] GET https://compute.googleapis.com/compute/v1/projects/499631561531 403
[debug] [2025-10-01T20:27:11.055Z] <<< [apiv2][body] GET https://compute.googleapis.com/compute/v1/projects/499631561531 {"error":{"code":403,"message":"Compute Engine API has not been used in project 499631561531 before or it is disabled. Enable it by visiting https://console.developers.google.com/apis/api/compute.googleapis.com/overview?project=499631561531 then retry. If you enabled this API recently, wait a few minutes for the action to propagate to our systems and retry.","errors":[{"message":"Compute Engine API has not been used in project 499631561531 before or it is disabled. Enable it by visiting https://console.developers.google.com/apis/api/compute.googleapis.com/overview?project=499631561531 then retry. If you enabled this API recently, wait a few minutes for the action to propagate to our systems and retry.","domain":"usageLimits","reason":"accessNotConfigured","extendedHelp":"https://console.developers.google.com"}],"status":"PERMISSION_DENIED","details":[{"@type":"type.googleapis.com/google.rpc.ErrorInfo","reason":"SERVICE_DISABLED","domain":"googleapis.com","metadata":{"consumer":"projects/499631561531","activationUrl":"https://console.developers.google.com/apis/api/compute.googleapis.com/overview?project=499631561531","serviceTitle":"Compute Engine API","containerInfo":"499631561531","service":"compute.googleapis.com"}},{"@type":"type.googleapis.com/google.rpc.LocalizedMessage","locale":"en-US","message":"Compute Engine API has not been used in project 499631561531 before or it is disabled. Enable it by visiting https://console.developers.google.com/apis/api/compute.googleapis.com/overview?project=499631561531 then retry. If you enabled this API recently, wait a few minutes for the action to propagate to our systems and retry."},{"@type":"type.googleapis.com/google.rpc.Help","links":[{"description":"Google developers console API activation","url":"https://console.developers.google.com/apis/api/compute.googleapis.com/overview?project=499631561531"}]}]}}
[debug] [2025-10-01T20:27:11.055Z] unable to look up default compute service account. Falling back to 499631561531-compute@developer.gserviceaccount.com. Error: {"name":"FirebaseError","children":[],"context":{"body":{"error":{"code":403,"message":"Compute Engine API has not been used in project 499631561531 before or it is disabled. Enable it by visiting https://console.developers.google.com/apis/api/compute.googleapis.com/overview?project=499631561531 then retry. If you enabled this API recently, wait a few minutes for the action to propagate to our systems and retry.","errors":[{"message":"Compute Engine API has not been used in project 499631561531 before or it is disabled. Enable it by visiting https://console.developers.google.com/apis/api/compute.googleapis.com/overview?project=499631561531 then retry. If you enabled this API recently, wait a few minutes for the action to propagate to our systems and retry.","domain":"usageLimits","reason":"accessNotConfigured","extendedHelp":"https://console.developers.google.com"}],"status":"PERMISSION_DENIED","details":[{"@type":"type.googleapis.com/google.rpc.ErrorInfo","reason":"SERVICE_DISABLED","domain":"googleapis.com","metadata":{"consumer":"projects/499631561531","activationUrl":"https://console.developers.google.com/apis/api/compute.googleapis.com/overview?project=499631561531","serviceTitle":"Compute Engine API","containerInfo":"499631561531","service":"compute.googleapis.com"}},{"@type":"type.googleapis.com/google.rpc.LocalizedMessage","locale":"en-US","message":"Compute Engine API has not been used in project 499631561531 before or it is disabled. Enable it by visiting https://console.developers.google.com/apis/api/compute.googleapis.com/overview?project=499631561531 then retry. If you enabled this API recently, wait a few minutes for the action to propagate to our systems and retry."},{"@type":"type.googleapis.com/google.rpc.Help","links":[{"description":"Google developers console API activation","url":"https://console.developers.google.com/apis/api/compute.googleapis.com/overview?project=499631561531"}]}]}},"response":{"statusCode":403}},"exit":1,"message":"Request to https://compute.googleapis.com/compute/v1/projects/499631561531 had HTTP Error: 403, Compute Engine API has not been used in project 499631561531 before or it is disabled. Enable it by visiting https://console.developers.google.com/apis/api/compute.googleapis.com/overview?project=499631561531 then retry. If you enabled this API recently, wait a few minutes for the action to propagate to our systems and retry.","status":403}
[debug] [2025-10-01T20:27:11.055Z] Checked if tokens are valid: true, expires at: 1759354017315
[debug] [2025-10-01T20:27:11.055Z] Checked if tokens are valid: true, expires at: 1759354017315
[debug] [2025-10-01T20:27:11.055Z] >>> [apiv2][query] GET https://compute.googleapis.com/compute/v1/projects/499631561531 [none]
[debug] [2025-10-01T20:27:11.162Z] <<< [apiv2][status] GET https://compute.googleapis.com/compute/v1/projects/499631561531 403
[debug] [2025-10-01T20:27:11.163Z] <<< [apiv2][body] GET https://compute.googleapis.com/compute/v1/projects/499631561531 {"error":{"code":403,"message":"Compute Engine API has not been used in project 499631561531 before or it is disabled. Enable it by visiting https://console.developers.google.com/apis/api/compute.googleapis.com/overview?project=499631561531 then retry. If you enabled this API recently, wait a few minutes for the action to propagate to our systems and retry.","errors":[{"message":"Compute Engine API has not been used in project 499631561531 before or it is disabled. Enable it by visiting https://console.developers.google.com/apis/api/compute.googleapis.com/overview?project=499631561531 then retry. If you enabled this API recently, wait a few minutes for the action to propagate to our systems and retry.","domain":"usageLimits","reason":"accessNotConfigured","extendedHelp":"https://console.developers.google.com"}],"status":"PERMISSION_DENIED","details":[{"@type":"type.googleapis.com/google.rpc.ErrorInfo","reason":"SERVICE_DISABLED","domain":"googleapis.com","metadata":{"containerInfo":"499631561531","consumer":"projects/499631561531","activationUrl":"https://console.developers.google.com/apis/api/compute.googleapis.com/overview?project=499631561531","service":"compute.googleapis.com","serviceTitle":"Compute Engine API"}},{"@type":"type.googleapis.com/google.rpc.LocalizedMessage","locale":"en-US","message":"Compute Engine API has not been used in project 499631561531 before or it is disabled. Enable it by visiting https://console.developers.google.com/apis/api/compute.googleapis.com/overview?project=499631561531 then retry. If you enabled this API recently, wait a few minutes for the action to propagate to our systems and retry."},{"@type":"type.googleapis.com/google.rpc.Help","links":[{"description":"Google developers console API activation","url":"https://console.developers.google.com/apis/api/compute.googleapis.com/overview?project=499631561531"}]}]}}
[debug] [2025-10-01T20:27:11.163Z] unable to look up default compute service account. Falling back to 499631561531-compute@developer.gserviceaccount.com. Error: {"name":"FirebaseError","children":[],"context":{"body":{"error":{"code":403,"message":"Compute Engine API has not been used in project 499631561531 before or it is disabled. Enable it by visiting https://console.developers.google.com/apis/api/compute.googleapis.com/overview?project=499631561531 then retry. If you enabled this API recently, wait a few minutes for the action to propagate to our systems and retry.","errors":[{"message":"Compute Engine API has not been used in project 499631561531 before or it is disabled. Enable it by visiting https://console.developers.google.com/apis/api/compute.googleapis.com/overview?project=499631561531 then retry. If you enabled this API recently, wait a few minutes for the action to propagate to our systems and retry.","domain":"usageLimits","reason":"accessNotConfigured","extendedHelp":"https://console.developers.google.com"}],"status":"PERMISSION_DENIED","details":[{"@type":"type.googleapis.com/google.rpc.ErrorInfo","reason":"SERVICE_DISABLED","domain":"googleapis.com","metadata":{"containerInfo":"499631561531","consumer":"projects/499631561531","activationUrl":"https://console.developers.google.com/apis/api/compute.googleapis.com/overview?project=499631561531","service":"compute.googleapis.com","serviceTitle":"Compute Engine API"}},{"@type":"type.googleapis.com/google.rpc.LocalizedMessage","locale":"en-US","message":"Compute Engine API has not been used in project 499631561531 before or it is disabled. Enable it by visiting https://console.developers.google.com/apis/api/compute.googleapis.com/overview?project=499631561531 then retry. If you enabled this API recently, wait a few minutes for the action to propagate to our systems and retry."},{"@type":"type.googleapis.com/google.rpc.Help","links":[{"description":"Google developers console API activation","url":"https://console.developers.google.com/apis/api/compute.googleapis.com/overview?project=499631561531"}]}]}},"response":{"statusCode":403}},"exit":1,"message":"Request to https://compute.googleapis.com/compute/v1/projects/499631561531 had HTTP Error: 403, Compute Engine API has not been used in project 499631561531 before or it is disabled. Enable it by visiting https://console.developers.google.com/apis/api/compute.googleapis.com/overview?project=499631561531 then retry. If you enabled this API recently, wait a few minutes for the action to propagate to our systems and retry.","status":403}
[debug] [2025-10-01T20:27:11.163Z] Checked if tokens are valid: true, expires at: 1759354017315
[debug] [2025-10-01T20:27:11.163Z] Checked if tokens are valid: true, expires at: 1759354017315
[debug] [2025-10-01T20:27:11.163Z] >>> [apiv2][query] GET https://compute.googleapis.com/compute/v1/projects/499631561531 [none]
[debug] [2025-10-01T20:27:11.253Z] <<< [apiv2][status] GET https://compute.googleapis.com/compute/v1/projects/499631561531 403
[debug] [2025-10-01T20:27:11.253Z] <<< [apiv2][body] GET https://compute.googleapis.com/compute/v1/projects/499631561531 {"error":{"code":403,"message":"Compute Engine API has not been used in project 499631561531 before or it is disabled. Enable it by visiting https://console.developers.google.com/apis/api/compute.googleapis.com/overview?project=499631561531 then retry. If you enabled this API recently, wait a few minutes for the action to propagate to our systems and retry.","errors":[{"message":"Compute Engine API has not been used in project 499631561531 before or it is disabled. Enable it by visiting https://console.developers.google.com/apis/api/compute.googleapis.com/overview?project=499631561531 then retry. If you enabled this API recently, wait a few minutes for the action to propagate to our systems and retry.","domain":"usageLimits","reason":"accessNotConfigured","extendedHelp":"https://console.developers.google.com"}],"status":"PERMISSION_DENIED","details":[{"@type":"type.googleapis.com/google.rpc.ErrorInfo","reason":"SERVICE_DISABLED","domain":"googleapis.com","metadata":{"activationUrl":"https://console.developers.google.com/apis/api/compute.googleapis.com/overview?project=499631561531","service":"compute.googleapis.com","serviceTitle":"Compute Engine API","containerInfo":"499631561531","consumer":"projects/499631561531"}},{"@type":"type.googleapis.com/google.rpc.LocalizedMessage","locale":"en-US","message":"Compute Engine API has not been used in project 499631561531 before or it is disabled. Enable it by visiting https://console.developers.google.com/apis/api/compute.googleapis.com/overview?project=499631561531 then retry. If you enabled this API recently, wait a few minutes for the action to propagate to our systems and retry."},{"@type":"type.googleapis.com/google.rpc.Help","links":[{"description":"Google developers console API activation","url":"https://console.developers.google.com/apis/api/compute.googleapis.com/overview?project=499631561531"}]}]}}
[debug] [2025-10-01T20:27:11.254Z] unable to look up default compute service account. Falling back to 499631561531-compute@developer.gserviceaccount.com. Error: {"name":"FirebaseError","children":[],"context":{"body":{"error":{"code":403,"message":"Compute Engine API has not been used in project 499631561531 before or it is disabled. Enable it by visiting https://console.developers.google.com/apis/api/compute.googleapis.com/overview?project=499631561531 then retry. If you enabled this API recently, wait a few minutes for the action to propagate to our systems and retry.","errors":[{"message":"Compute Engine API has not been used in project 499631561531 before or it is disabled. Enable it by visiting https://console.developers.google.com/apis/api/compute.googleapis.com/overview?project=499631561531 then retry. If you enabled this API recently, wait a few minutes for the action to propagate to our systems and retry.","domain":"usageLimits","reason":"accessNotConfigured","extendedHelp":"https://console.developers.google.com"}],"status":"PERMISSION_DENIED","details":[{"@type":"type.googleapis.com/google.rpc.ErrorInfo","reason":"SERVICE_DISABLED","domain":"googleapis.com","metadata":{"activationUrl":"https://console.developers.google.com/apis/api/compute.googleapis.com/overview?project=499631561531","service":"compute.googleapis.com","serviceTitle":"Compute Engine API","containerInfo":"499631561531","consumer":"projects/499631561531"}},{"@type":"type.googleapis.com/google.rpc.LocalizedMessage","locale":"en-US","message":"Compute Engine API has not been used in project 499631561531 before or it is disabled. Enable it by visiting https://console.developers.google.com/apis/api/compute.googleapis.com/overview?project=499631561531 then retry. If you enabled this API recently, wait a few minutes for the action to propagate to our systems and retry."},{"@type":"type.googleapis.com/google.rpc.Help","links":[{"description":"Google developers console API activation","url":"https://console.developers.google.com/apis/api/compute.googleapis.com/overview?project=499631561531"}]}]}},"response":{"statusCode":403}},"exit":1,"message":"Request to https://compute.googleapis.com/compute/v1/projects/499631561531 had HTTP Error: 403, Compute Engine API has not been used in project 499631561531 before or it is disabled. Enable it by visiting https://console.developers.google.com/apis/api/compute.googleapis.com/overview?project=499631561531 then retry. If you enabled this API recently, wait a few minutes for the action to propagate to our systems and retry.","status":403}
[debug] [2025-10-01T20:27:11.254Z] Checked if tokens are valid: true, expires at: 1759354017315
[debug] [2025-10-01T20:27:11.254Z] Checked if tokens are valid: true, expires at: 1759354017315
[debug] [2025-10-01T20:27:11.254Z] >>> [apiv2][query] GET https://cloudbilling.googleapis.com/v1/projects/kardova-capital/billingInfo [none]
[debug] [2025-10-01T20:27:11.630Z] <<< [apiv2][status] GET https://cloudbilling.googleapis.com/v1/projects/kardova-capital/billingInfo 200
[debug] [2025-10-01T20:27:11.631Z] <<< [apiv2][body] GET https://cloudbilling.googleapis.com/v1/projects/kardova-capital/billingInfo {"name":"projects/kardova-capital/billingInfo","projectId":"kardova-capital","billingAccountName":"billingAccounts/0122A7-722465-668242","billingEnabled":true}
[debug] [2025-10-01T20:27:11.632Z] Checked if tokens are valid: true, expires at: 1759354017315
[debug] [2025-10-01T20:27:11.632Z] Checked if tokens are valid: true, expires at: 1759354017315
[debug] [2025-10-01T20:27:11.632Z] >>> [apiv2][query] POST https://cloudfunctions.googleapis.com/v2/projects/kardova-capital/locations/us-central1/functions:generateUploadUrl [none]
[debug] [2025-10-01T20:27:12.016Z] <<< [apiv2][status] POST https://cloudfunctions.googleapis.com/v2/projects/kardova-capital/locations/us-central1/functions:generateUploadUrl 200
[debug] [2025-10-01T20:27:12.016Z] <<< [apiv2][body] POST https://cloudfunctions.googleapis.com/v2/projects/kardova-capital/locations/us-central1/functions:generateUploadUrl {"uploadUrl":"https://storage.googleapis.com/gcf-v2-uploads-499631561531.us-central1.cloudfunctions.appspot.com/33837fac-e5a1-4e5f-a838-a16cda915253.zip?GoogleAccessId=service-499631561531@gcf-admin-robot.iam.gserviceaccount.com&Expires=1759352231&Signature=JCkj1xeMcwTAQXxmvATqmfA4Te3nnuV3CGdbww0Px9xhpGVhP8QHjAynEWrb7ORFqgJaLo6TU2lArVDVbI7EixIFmYHEUqz2o2qW616geMaw%2FEKR79rRhtZhyzlF1%2FO9IrKux09z0tOjPJtVtmlDRnfLZfuNMdkh%2Fk%2B1mMsSioVOo2Zgo0RwWHj%2FrWlKcX%2BVFeQ6GozHsqRVvYuHKnOqr0PUnr0W8Bdh0TbXh0f5mEcN%2BGoXmwj%2BgRKxUYUjOuR7ASFBIrH5%2Fe%2FUWGsXdaXJaVRqKZ2AhD4rJxhCV2gyCqDrx4vKnfKgYkJl13QTCFedDdiNDtEfxI6xwkgD72datQ%3D%3D","storageSource":{"bucket":"gcf-v2-uploads-499631561531.us-central1.cloudfunctions.appspot.com","object":"33837fac-e5a1-4e5f-a838-a16cda915253.zip"}}
[debug] [2025-10-01T20:27:12.017Z] >>> [apiv2][query] PUT https://storage.googleapis.com/gcf-v2-uploads-499631561531.us-central1.cloudfunctions.appspot.com/33837fac-e5a1-4e5f-a838-a16cda915253.zip GoogleAccessId=service-499631561531%40gcf-admin-robot.iam.gserviceaccount.com&Expires=1759352231&Signature=JCkj1xeMcwTAQXxmvATqmfA4Te3nnuV3CGdbww0Px9xhpGVhP8QHjAynEWrb7ORFqgJaLo6TU2lArVDVbI7EixIFmYHEUqz2o2qW616geMaw%2FEKR79rRhtZhyzlF1%2FO9IrKux09z0tOjPJtVtmlDRnfLZfuNMdkh%2Fk%2B1mMsSioVOo2Zgo0RwWHj%2FrWlKcX%2BVFeQ6GozHsqRVvYuHKnOqr0PUnr0W8Bdh0TbXh0f5mEcN%2BGoXmwj%2BgRKxUYUjOuR7ASFBIrH5%2Fe%2FUWGsXdaXJaVRqKZ2AhD4rJxhCV2gyCqDrx4vKnfKgYkJl13QTCFedDdiNDtEfxI6xwkgD72datQ%3D%3D
[debug] [2025-10-01T20:27:12.017Z] >>> [apiv2][body] PUT https://storage.googleapis.com/gcf-v2-uploads-499631561531.us-central1.cloudfunctions.appspot.com/33837fac-e5a1-4e5f-a838-a16cda915253.zip [stream]
[debug] [2025-10-01T20:27:12.374Z] <<< [apiv2][status] PUT https://storage.googleapis.com/gcf-v2-uploads-499631561531.us-central1.cloudfunctions.appspot.com/33837fac-e5a1-4e5f-a838-a16cda915253.zip 200
[debug] [2025-10-01T20:27:12.374Z] <<< [apiv2][body] PUT https://storage.googleapis.com/gcf-v2-uploads-499631561531.us-central1.cloudfunctions.appspot.com/33837fac-e5a1-4e5f-a838-a16cda915253.zip [omitted]
[info] ✔  functions: functions folder uploaded successfully 
[info] i  functions: updating Node.js 20 (2nd Gen) function api(us-central1)... 
[info] i  functions: updating Node.js 20 (2nd Gen) function quantChat(us-central1)... 
[info] i  functions: updating Node.js 20 (2nd Gen) function analyzeStock(us-central1)... 
[info] i  functions: updating Node.js 20 (2nd Gen) function scanMarket(us-central1)... 
[debug] [2025-10-01T20:27:12.379Z] Checked if tokens are valid: true, expires at: 1759354017315
[debug] [2025-10-01T20:27:12.379Z] Checked if tokens are valid: true, expires at: 1759354017315
[debug] [2025-10-01T20:27:12.380Z] >>> [apiv2][query] PATCH https://cloudfunctions.googleapis.com/v2/projects/kardova-capital/locations/us-central1/functions/api updateMask=name%2CbuildConfig.runtime%2CbuildConfig.entryPoint%2CbuildConfig.source.storageSource.bucket%2CbuildConfig.source.storageSource.object%2CbuildConfig.environmentVariables%2CbuildConfig.sourceToken%2CserviceConfig.environmentVariables%2CserviceConfig.ingressSettings%2CserviceConfig.timeoutSeconds%2CserviceConfig.serviceAccountEmail%2CserviceConfig.availableMemory%2CserviceConfig.minInstanceCount%2CserviceConfig.maxInstanceCount%2CserviceConfig.maxInstanceRequestConcurrency%2CserviceConfig.availableCpu%2CserviceConfig.vpcConnector%2CserviceConfig.vpcConnectorEgressSettings%2Clabels
[debug] [2025-10-01T20:27:12.380Z] >>> [apiv2][body] PATCH https://cloudfunctions.googleapis.com/v2/projects/kardova-capital/locations/us-central1/functions/api {"name":"projects/kardova-capital/locations/us-central1/functions/api","buildConfig":{"runtime":"nodejs20","entryPoint":"api","source":{"storageSource":{"bucket":"gcf-v2-uploads-499631561531.us-central1.cloudfunctions.appspot.com","object":"33837fac-e5a1-4e5f-a838-a16cda915253.zip"}},"environmentVariables":{"GOOGLE_NODE_RUN_SCRIPTS":""}},"serviceConfig":{"environmentVariables":{"FIREBASE_CONFIG":"{\"projectId\":\"kardova-capital\",\"storageBucket\":\"kardova-capital.firebasestorage.app\"}","GCLOUD_PROJECT":"kardova-capital","EVENTARC_CLOUD_EVENT_SOURCE":"projects/kardova-capital/locations/us-central1/services/api","FUNCTION_TARGET":"api","LOG_EXECUTION_ID":"true","FUNCTION_SIGNATURE_TYPE":"http"},"ingressSettings":null,"timeoutSeconds":60,"serviceAccountEmail":null,"availableMemory":"1024Mi","minInstanceCount":null,"maxInstanceCount":10,"maxInstanceRequestConcurrency":80,"availableCpu":"1","vpcConnector":null,"vpcConnectorEgressSettings":null},"labels":{"deployment-tool":"cli-firebase","firebase-functions-hash":"51e60cfed38d6ffe44aca9fa69a94ff07c2853db"}}
[debug] [2025-10-01T20:27:13.545Z] <<< [apiv2][status] PATCH https://cloudfunctions.googleapis.com/v2/projects/kardova-capital/locations/us-central1/functions/api 200
[debug] [2025-10-01T20:27:13.545Z] <<< [apiv2][body] PATCH https://cloudfunctions.googleapis.com/v2/projects/kardova-capital/locations/us-central1/functions/api {"name":"projects/kardova-capital/locations/us-central1/operations/operation-1759350432484-6401eb1904d38-09b7ae9a-3de29c92","metadata":{"@type":"type.googleapis.com/google.cloud.functions.v2.OperationMetadata","createTime":"2025-10-01T20:27:13.500663783Z","target":"projects/kardova-capital/locations/us-central1/functions/api","verb":"update","cancelRequested":false,"apiVersion":"v2"},"done":false}
[debug] [2025-10-01T20:27:13.545Z] Checked if tokens are valid: true, expires at: 1759354017315
[debug] [2025-10-01T20:27:13.545Z] Checked if tokens are valid: true, expires at: 1759354017315
[debug] [2025-10-01T20:27:13.545Z] >>> [apiv2][query] GET https://cloudfunctions.googleapis.com/v2/projects/kardova-capital/locations/us-central1/operations/operation-1759350432484-6401eb1904d38-09b7ae9a-3de29c92 [none]
[debug] [2025-10-01T20:27:13.671Z] <<< [apiv2][status] GET https://cloudfunctions.googleapis.com/v2/projects/kardova-capital/locations/us-central1/operations/operation-1759350432484-6401eb1904d38-09b7ae9a-3de29c92 200
[debug] [2025-10-01T20:27:13.671Z] <<< [apiv2][body] GET https://cloudfunctions.googleapis.com/v2/projects/kardova-capital/locations/us-central1/operations/operation-1759350432484-6401eb1904d38-09b7ae9a-3de29c92 {"name":"projects/kardova-capital/locations/us-central1/operations/operation-1759350432484-6401eb1904d38-09b7ae9a-3de29c92","metadata":{"@type":"type.googleapis.com/google.cloud.functions.v2.OperationMetadata","createTime":"2025-10-01T20:27:13.500663783Z","target":"projects/kardova-capital/locations/us-central1/functions/api","verb":"update","cancelRequested":false,"apiVersion":"v2"},"done":false}
[debug] [2025-10-01T20:27:14.172Z] [update-default-us-central1-api] Retrying task index 0
[debug] [2025-10-01T20:27:14.173Z] Checked if tokens are valid: true, expires at: 1759354017315
[debug] [2025-10-01T20:27:14.173Z] Checked if tokens are valid: true, expires at: 1759354017315
[debug] [2025-10-01T20:27:14.173Z] >>> [apiv2][query] GET https://cloudfunctions.googleapis.com/v2/projects/kardova-capital/locations/us-central1/operations/operation-1759350432484-6401eb1904d38-09b7ae9a-3de29c92 [none]
[debug] [2025-10-01T20:27:14.264Z] <<< [apiv2][status] GET https://cloudfunctions.googleapis.com/v2/projects/kardova-capital/locations/us-central1/operations/operation-1759350432484-6401eb1904d38-09b7ae9a-3de29c92 200
[debug] [2025-10-01T20:27:14.264Z] <<< [apiv2][body] GET https://cloudfunctions.googleapis.com/v2/projects/kardova-capital/locations/us-central1/operations/operation-1759350432484-6401eb1904d38-09b7ae9a-3de29c92 {"name":"projects/kardova-capital/locations/us-central1/operations/operation-1759350432484-6401eb1904d38-09b7ae9a-3de29c92","metadata":{"@type":"type.googleapis.com/google.cloud.functions.v2.OperationMetadata","createTime":"2025-10-01T20:27:13.500663783Z","target":"projects/kardova-capital/locations/us-central1/functions/api","verb":"update","cancelRequested":false,"apiVersion":"v2","requestResource":{"@type":"type.googleapis.com/google.cloud.functions.v2.Function","name":"projects/kardova-capital/locations/us-central1/functions/api","buildConfig":{"runtime":"nodejs20","entryPoint":"api","source":{"storageSource":{"bucket":"gcf-v2-sources-499631561531-us-central1","object":"api/function-source.zip","generation":"1759350433444570"}},"environmentVariables":{"GOOGLE_NODE_RUN_SCRIPTS":""},"dockerRepository":"projects/kardova-capital/locations/us-central1/repositories/gcf-artifacts","sourceProvenance":{"resolvedStorageSource":{"bucket":"gcf-v2-sources-499631561531-us-central1","object":"api/function-source.zip","generation":"1758685694533372"}},"dockerRegistry":"ARTIFACT_REGISTRY","serviceAccount":"projects/kardova-capital/serviceAccounts/499631561531-compute@developer.gserviceaccount.com","automaticUpdatePolicy":{}},"serviceConfig":{"service":"projects/kardova-capital/locations/us-central1/services/api","timeoutSeconds":60,"environmentVariables":{"FIREBASE_CONFIG":"{\"projectId\":\"kardova-capital\",\"storageBucket\":\"kardova-capital.firebasestorage.app\"}","GCLOUD_PROJECT":"kardova-capital","EVENTARC_CLOUD_EVENT_SOURCE":"projects/kardova-capital/locations/us-central1/services/api","FUNCTION_TARGET":"api","LOG_EXECUTION_ID":"true","FUNCTION_SIGNATURE_TYPE":"http"},"maxInstanceCount":10,"ingressSettings":"ALLOW_ALL","uri":"https://api-hvi4gdtdka-uc.a.run.app","serviceAccountEmail":"499631561531-compute@developer.gserviceaccount.com","availableMemory":"1024Mi","allTrafficOnLatestRevision":true,"revision":"api-00029-koy","maxInstanceRequestConcurrency":80,"availableCpu":"1"},"state":"ACTIVE","labels":{"deployment-tool":"cloudfunctions","firebase-functions-hash":"51e60cfed38d6ffe44aca9fa69a94ff07c2853db"},"environment":"GEN_2","url":"https://us-central1-kardova-capital.cloudfunctions.net/api","satisfiesPzi":true},"stages":[{"name":"BUILD","state":"NOT_STARTED"},{"name":"SERVICE","state":"NOT_STARTED"}],"operationType":"UPDATE_FUNCTION"},"done":false}
[debug] [2025-10-01T20:27:15.265Z] [update-default-us-central1-api] Retrying task index 0
[debug] [2025-10-01T20:27:15.266Z] Checked if tokens are valid: true, expires at: 1759354017315
[debug] [2025-10-01T20:27:15.266Z] Checked if tokens are valid: true, expires at: 1759354017315
[debug] [2025-10-01T20:27:15.266Z] >>> [apiv2][query] GET https://cloudfunctions.googleapis.com/v2/projects/kardova-capital/locations/us-central1/operations/operation-1759350432484-6401eb1904d38-09b7ae9a-3de29c92 [none]
[debug] [2025-10-01T20:27:15.388Z] <<< [apiv2][status] GET https://cloudfunctions.googleapis.com/v2/projects/kardova-capital/locations/us-central1/operations/operation-1759350432484-6401eb1904d38-09b7ae9a-3de29c92 200
[debug] [2025-10-01T20:27:15.389Z] <<< [apiv2][body] GET https://cloudfunctions.googleapis.com/v2/projects/kardova-capital/locations/us-central1/operations/operation-1759350432484-6401eb1904d38-09b7ae9a-3de29c92 {"name":"projects/kardova-capital/locations/us-central1/operations/operation-1759350432484-6401eb1904d38-09b7ae9a-3de29c92","metadata":{"@type":"type.googleapis.com/google.cloud.functions.v2.OperationMetadata","createTime":"2025-10-01T20:27:13.500663783Z","target":"projects/kardova-capital/locations/us-central1/functions/api","verb":"update","cancelRequested":false,"apiVersion":"v2","requestResource":{"@type":"type.googleapis.com/google.cloud.functions.v2.Function","name":"projects/kardova-capital/locations/us-central1/functions/api","buildConfig":{"runtime":"nodejs20","entryPoint":"api","source":{"storageSource":{"bucket":"gcf-v2-sources-499631561531-us-central1","object":"api/function-source.zip","generation":"1759350433444570"}},"environmentVariables":{"GOOGLE_NODE_RUN_SCRIPTS":""},"dockerRepository":"projects/kardova-capital/locations/us-central1/repositories/gcf-artifacts","sourceProvenance":{"resolvedStorageSource":{"bucket":"gcf-v2-sources-499631561531-us-central1","object":"api/function-source.zip","generation":"1758685694533372"}},"dockerRegistry":"ARTIFACT_REGISTRY","serviceAccount":"projects/kardova-capital/serviceAccounts/499631561531-compute@developer.gserviceaccount.com","automaticUpdatePolicy":{}},"serviceConfig":{"service":"projects/kardova-capital/locations/us-central1/services/api","timeoutSeconds":60,"environmentVariables":{"FIREBASE_CONFIG":"{\"projectId\":\"kardova-capital\",\"storageBucket\":\"kardova-capital.firebasestorage.app\"}","GCLOUD_PROJECT":"kardova-capital","EVENTARC_CLOUD_EVENT_SOURCE":"projects/kardova-capital/locations/us-central1/services/api","FUNCTION_TARGET":"api","LOG_EXECUTION_ID":"true","FUNCTION_SIGNATURE_TYPE":"http"},"maxInstanceCount":10,"ingressSettings":"ALLOW_ALL","uri":"https://api-hvi4gdtdka-uc.a.run.app","serviceAccountEmail":"499631561531-compute@developer.gserviceaccount.com","availableMemory":"1024Mi","allTrafficOnLatestRevision":true,"revision":"api-00029-koy","maxInstanceRequestConcurrency":80,"availableCpu":"1"},"state":"ACTIVE","labels":{"deployment-tool":"cloudfunctions","firebase-functions-hash":"51e60cfed38d6ffe44aca9fa69a94ff07c2853db"},"environment":"GEN_2","url":"https://us-central1-kardova-capital.cloudfunctions.net/api","satisfiesPzi":true},"stages":[{"name":"BUILD","message":"Build in progress","state":"IN_PROGRESS","resource":"projects/499631561531/locations/us-central1/builds/895e7ce8-7b33-428e-9462-2bb20816959a","resourceUri":"https://console.cloud.google.com/cloud-build/builds;region=us-central1/895e7ce8-7b33-428e-9462-2bb20816959a?project=499631561531"},{"name":"SERVICE","state":"NOT_STARTED"}],"operationType":"UPDATE_FUNCTION","buildName":"projects/499631561531/locations/us-central1/builds/895e7ce8-7b33-428e-9462-2bb20816959a"},"done":false}
[debug] [2025-10-01T20:27:17.390Z] [update-default-us-central1-api] Retrying task index 0
[debug] [2025-10-01T20:27:17.390Z] Checked if tokens are valid: true, expires at: 1759354017315
[debug] [2025-10-01T20:27:17.390Z] Checked if tokens are valid: true, expires at: 1759354017315
[debug] [2025-10-01T20:27:17.390Z] >>> [apiv2][query] GET https://cloudfunctions.googleapis.com/v2/projects/kardova-capital/locations/us-central1/operations/operation-1759350432484-6401eb1904d38-09b7ae9a-3de29c92 [none]
[debug] [2025-10-01T20:27:17.507Z] <<< [apiv2][status] GET https://cloudfunctions.googleapis.com/v2/projects/kardova-capital/locations/us-central1/operations/operation-1759350432484-6401eb1904d38-09b7ae9a-3de29c92 200
[debug] [2025-10-01T20:27:17.508Z] <<< [apiv2][body] GET https://cloudfunctions.googleapis.com/v2/projects/kardova-capital/locations/us-central1/operations/operation-1759350432484-6401eb1904d38-09b7ae9a-3de29c92 {"name":"projects/kardova-capital/locations/us-central1/operations/operation-1759350432484-6401eb1904d38-09b7ae9a-3de29c92","metadata":{"@type":"type.googleapis.com/google.cloud.functions.v2.OperationMetadata","createTime":"2025-10-01T20:27:13.500663783Z","target":"projects/kardova-capital/locations/us-central1/functions/api","verb":"update","cancelRequested":false,"apiVersion":"v2","requestResource":{"@type":"type.googleapis.com/google.cloud.functions.v2.Function","name":"projects/kardova-capital/locations/us-central1/functions/api","buildConfig":{"runtime":"nodejs20","entryPoint":"api","source":{"storageSource":{"bucket":"gcf-v2-sources-499631561531-us-central1","object":"api/function-source.zip","generation":"1759350433444570"}},"environmentVariables":{"GOOGLE_NODE_RUN_SCRIPTS":""},"dockerRepository":"projects/kardova-capital/locations/us-central1/repositories/gcf-artifacts","sourceProvenance":{"resolvedStorageSource":{"bucket":"gcf-v2-sources-499631561531-us-central1","object":"api/function-source.zip","generation":"1758685694533372"}},"dockerRegistry":"ARTIFACT_REGISTRY","serviceAccount":"projects/kardova-capital/serviceAccounts/499631561531-compute@developer.gserviceaccount.com","automaticUpdatePolicy":{}},"serviceConfig":{"service":"projects/kardova-capital/locations/us-central1/services/api","timeoutSeconds":60,"environmentVariables":{"FIREBASE_CONFIG":"{\"projectId\":\"kardova-capital\",\"storageBucket\":\"kardova-capital.firebasestorage.app\"}","GCLOUD_PROJECT":"kardova-capital","EVENTARC_CLOUD_EVENT_SOURCE":"projects/kardova-capital/locations/us-central1/services/api","FUNCTION_TARGET":"api","LOG_EXECUTION_ID":"true","FUNCTION_SIGNATURE_TYPE":"http"},"maxInstanceCount":10,"ingressSettings":"ALLOW_ALL","uri":"https://api-hvi4gdtdka-uc.a.run.app","serviceAccountEmail":"499631561531-compute@developer.gserviceaccount.com","availableMemory":"1024Mi","allTrafficOnLatestRevision":true,"revision":"api-00029-koy","maxInstanceRequestConcurrency":80,"availableCpu":"1"},"state":"ACTIVE","labels":{"deployment-tool":"cloudfunctions","firebase-functions-hash":"51e60cfed38d6ffe44aca9fa69a94ff07c2853db"},"environment":"GEN_2","url":"https://us-central1-kardova-capital.cloudfunctions.net/api","satisfiesPzi":true},"stages":[{"name":"BUILD","message":"Build in progress","state":"IN_PROGRESS","resource":"projects/499631561531/locations/us-central1/builds/895e7ce8-7b33-428e-9462-2bb20816959a","resourceUri":"https://console.cloud.google.com/cloud-build/builds;region=us-central1/895e7ce8-7b33-428e-9462-2bb20816959a?project=499631561531"},{"name":"SERVICE","state":"NOT_STARTED"}],"operationType":"UPDATE_FUNCTION","buildName":"projects/499631561531/locations/us-central1/builds/895e7ce8-7b33-428e-9462-2bb20816959a"},"done":false}
[debug] [2025-10-01T20:27:21.510Z] [update-default-us-central1-api] Retrying task index 0
[debug] [2025-10-01T20:27:21.510Z] Checked if tokens are valid: true, expires at: 1759354017315
[debug] [2025-10-01T20:27:21.510Z] Checked if tokens are valid: true, expires at: 1759354017315
[debug] [2025-10-01T20:27:21.510Z] >>> [apiv2][query] GET https://cloudfunctions.googleapis.com/v2/projects/kardova-capital/locations/us-central1/operations/operation-1759350432484-6401eb1904d38-09b7ae9a-3de29c92 [none]
[debug] [2025-10-01T20:27:21.639Z] <<< [apiv2][status] GET https://cloudfunctions.googleapis.com/v2/projects/kardova-capital/locations/us-central1/operations/operation-1759350432484-6401eb1904d38-09b7ae9a-3de29c92 200
[debug] [2025-10-01T20:27:21.639Z] <<< [apiv2][body] GET https://cloudfunctions.googleapis.com/v2/projects/kardova-capital/locations/us-central1/operations/operation-1759350432484-6401eb1904d38-09b7ae9a-3de29c92 {"name":"projects/kardova-capital/locations/us-central1/operations/operation-1759350432484-6401eb1904d38-09b7ae9a-3de29c92","metadata":{"@type":"type.googleapis.com/google.cloud.functions.v2.OperationMetadata","createTime":"2025-10-01T20:27:13.500663783Z","target":"projects/kardova-capital/locations/us-central1/functions/api","verb":"update","cancelRequested":false,"apiVersion":"v2","requestResource":{"@type":"type.googleapis.com/google.cloud.functions.v2.Function","name":"projects/kardova-capital/locations/us-central1/functions/api","buildConfig":{"runtime":"nodejs20","entryPoint":"api","source":{"storageSource":{"bucket":"gcf-v2-sources-499631561531-us-central1","object":"api/function-source.zip","generation":"1759350433444570"}},"environmentVariables":{"GOOGLE_NODE_RUN_SCRIPTS":""},"dockerRepository":"projects/kardova-capital/locations/us-central1/repositories/gcf-artifacts","sourceProvenance":{"resolvedStorageSource":{"bucket":"gcf-v2-sources-499631561531-us-central1","object":"api/function-source.zip","generation":"1758685694533372"}},"dockerRegistry":"ARTIFACT_REGISTRY","serviceAccount":"projects/kardova-capital/serviceAccounts/499631561531-compute@developer.gserviceaccount.com","automaticUpdatePolicy":{}},"serviceConfig":{"service":"projects/kardova-capital/locations/us-central1/services/api","timeoutSeconds":60,"environmentVariables":{"FIREBASE_CONFIG":"{\"projectId\":\"kardova-capital\",\"storageBucket\":\"kardova-capital.firebasestorage.app\"}","GCLOUD_PROJECT":"kardova-capital","EVENTARC_CLOUD_EVENT_SOURCE":"projects/kardova-capital/locations/us-central1/services/api","FUNCTION_TARGET":"api","LOG_EXECUTION_ID":"true","FUNCTION_SIGNATURE_TYPE":"http"},"maxInstanceCount":10,"ingressSettings":"ALLOW_ALL","uri":"https://api-hvi4gdtdka-uc.a.run.app","serviceAccountEmail":"499631561531-compute@developer.gserviceaccount.com","availableMemory":"1024Mi","allTrafficOnLatestRevision":true,"revision":"api-00029-koy","maxInstanceRequestConcurrency":80,"availableCpu":"1"},"state":"ACTIVE","labels":{"deployment-tool":"cloudfunctions","firebase-functions-hash":"51e60cfed38d6ffe44aca9fa69a94ff07c2853db"},"environment":"GEN_2","url":"https://us-central1-kardova-capital.cloudfunctions.net/api","satisfiesPzi":true},"stages":[{"name":"BUILD","message":"Build in progress","state":"IN_PROGRESS","resource":"projects/499631561531/locations/us-central1/builds/895e7ce8-7b33-428e-9462-2bb20816959a","resourceUri":"https://console.cloud.google.com/cloud-build/builds;region=us-central1/895e7ce8-7b33-428e-9462-2bb20816959a?project=499631561531"},{"name":"SERVICE","state":"NOT_STARTED"}],"operationType":"UPDATE_FUNCTION","buildName":"projects/499631561531/locations/us-central1/builds/895e7ce8-7b33-428e-9462-2bb20816959a"},"done":false}
[debug] [2025-10-01T20:27:29.640Z] [update-default-us-central1-api] Retrying task index 0
[debug] [2025-10-01T20:27:29.641Z] Checked if tokens are valid: true, expires at: 1759354017315
[debug] [2025-10-01T20:27:29.641Z] Checked if tokens are valid: true, expires at: 1759354017315
[debug] [2025-10-01T20:27:29.641Z] >>> [apiv2][query] GET https://cloudfunctions.googleapis.com/v2/projects/kardova-capital/locations/us-central1/operations/operation-1759350432484-6401eb1904d38-09b7ae9a-3de29c92 [none]
[debug] [2025-10-01T20:27:30.026Z] <<< [apiv2][status] GET https://cloudfunctions.googleapis.com/v2/projects/kardova-capital/locations/us-central1/operations/operation-1759350432484-6401eb1904d38-09b7ae9a-3de29c92 200
[debug] [2025-10-01T20:27:30.026Z] <<< [apiv2][body] GET https://cloudfunctions.googleapis.com/v2/projects/kardova-capital/locations/us-central1/operations/operation-1759350432484-6401eb1904d38-09b7ae9a-3de29c92 {"name":"projects/kardova-capital/locations/us-central1/operations/operation-1759350432484-6401eb1904d38-09b7ae9a-3de29c92","metadata":{"@type":"type.googleapis.com/google.cloud.functions.v2.OperationMetadata","createTime":"2025-10-01T20:27:13.500663783Z","target":"projects/kardova-capital/locations/us-central1/functions/api","verb":"update","cancelRequested":false,"apiVersion":"v2","requestResource":{"@type":"type.googleapis.com/google.cloud.functions.v2.Function","name":"projects/kardova-capital/locations/us-central1/functions/api","buildConfig":{"runtime":"nodejs20","entryPoint":"api","source":{"storageSource":{"bucket":"gcf-v2-sources-499631561531-us-central1","object":"api/function-source.zip","generation":"1759350433444570"}},"environmentVariables":{"GOOGLE_NODE_RUN_SCRIPTS":""},"dockerRepository":"projects/kardova-capital/locations/us-central1/repositories/gcf-artifacts","sourceProvenance":{"resolvedStorageSource":{"bucket":"gcf-v2-sources-499631561531-us-central1","object":"api/function-source.zip","generation":"1758685694533372"}},"dockerRegistry":"ARTIFACT_REGISTRY","serviceAccount":"projects/kardova-capital/serviceAccounts/499631561531-compute@developer.gserviceaccount.com","automaticUpdatePolicy":{}},"serviceConfig":{"service":"projects/kardova-capital/locations/us-central1/services/api","timeoutSeconds":60,"environmentVariables":{"FIREBASE_CONFIG":"{\"projectId\":\"kardova-capital\",\"storageBucket\":\"kardova-capital.firebasestorage.app\"}","GCLOUD_PROJECT":"kardova-capital","EVENTARC_CLOUD_EVENT_SOURCE":"projects/kardova-capital/locations/us-central1/services/api","FUNCTION_TARGET":"api","LOG_EXECUTION_ID":"true","FUNCTION_SIGNATURE_TYPE":"http"},"maxInstanceCount":10,"ingressSettings":"ALLOW_ALL","uri":"https://api-hvi4gdtdka-uc.a.run.app","serviceAccountEmail":"499631561531-compute@developer.gserviceaccount.com","availableMemory":"1024Mi","allTrafficOnLatestRevision":true,"revision":"api-00029-koy","maxInstanceRequestConcurrency":80,"availableCpu":"1"},"state":"ACTIVE","labels":{"deployment-tool":"cloudfunctions","firebase-functions-hash":"51e60cfed38d6ffe44aca9fa69a94ff07c2853db"},"environment":"GEN_2","url":"https://us-central1-kardova-capital.cloudfunctions.net/api","satisfiesPzi":true},"stages":[{"name":"BUILD","message":"Build in progress","state":"IN_PROGRESS","resource":"projects/499631561531/locations/us-central1/builds/895e7ce8-7b33-428e-9462-2bb20816959a","resourceUri":"https://console.cloud.google.com/cloud-build/builds;region=us-central1/895e7ce8-7b33-428e-9462-2bb20816959a?project=499631561531"},{"name":"SERVICE","state":"NOT_STARTED"}],"operationType":"UPDATE_FUNCTION","buildName":"projects/499631561531/locations/us-central1/builds/895e7ce8-7b33-428e-9462-2bb20816959a"},"done":false}
